# Preprocessing time       : 0.013 s
# Presaturation interreduction done

# Proof found!
# SZS status Unsatisfiable
# Parsed axioms                        : 6
# Removed by relevancy pruning         : 0
# Initial clauses                      : 6
# Removed in clause preprocessing      : 0
# Initial clauses in saturation        : 6
# Processed clauses                    : 20
# ...of these trivial                  : 1
# ...subsumed                          : 0
# ...remaining for further processing  : 19
# Other redundant clauses eliminated   : 0
# Clauses deleted for lack of memory   : 0
# Backward-subsumed                    : 0
# Backward-rewritten                   : 1
# Generated clauses                    : 84
# ...of the previous two non-trivial   : 50
# Contextual simplify-reflections      : 0
# Paramodulations                      : 84
# Factorizations                       : 0
# Equation resolutions                 : 0
# Current number of processed clauses  : 12
#    Positive orientable unit clauses  : 12
#    Positive unorientable unit clauses: 0
#    Negative unit clauses             : 0
#    Non-unit-clauses                  : 0
# Current number of unprocessed clauses: 42
# ...number of literals in the above   : 42
# Clause-clause subsumption calls (NU) : 0
# Rec. Clause-clause subsumption calls : 0
# Unit Clause-clause subsumption calls : 0
# Rewrite failures with RHS unbound    : 0

# -------------------------------------------------
# User time                : 0.009 s
# System time              : 0.005 s
# Total time               : 0.014 s
# Maximum resident set size: 0 pages
